
> architect-tracker-frontend@1.0.0 build
> react-scripts build

Creating an optimized production build...
Compiled successfully.

File sizes after gzip:

  70.93 kB (+76 B)  build/static/js/main.d224cdf1.js

The project was built assuming it is hosted at /.
You can control this with the homepage field in your package.json.

The build folder is ready to be deployed.
You may serve it with a static server:

  npm install -g serve
  serve -s build

Find out more about deployment here:

  https://cra.link/deployment


✅ Architect Tracker running at http://localhost:3001

PayloadTooLargeError: request entity too large
    at readStream (/home/saurabh/Z_Development/Projects/architect-tracker-v2/architect-tracker/backend/node_modules/raw-body/index.js:163:17)
    at getRawBody (/home/saurabh/Z_Development/Projects/architect-tracker-v2/architect-tracker/backend/node_modules/raw-body/index.js:116:12)
    at read (/home/saurabh/Z_Development/Projects/architect-tracker-v2/architect-tracker/backend/node_modules/body-parser/lib/read.js:79:3)
    at jsonParser (/home/saurabh/Z_Development/Projects/architect-tracker-v2/architect-tracker/backend/node_modules/body-parser/lib/types/json.js:138:5)
    at Layer.handle [as handle_request] (/home/saurabh/Z_Development/Projects/architect-tracker-v2/architect-tracker/backend/node_modules/express/lib/router/layer.js:95:5)
    at trim_prefix (/home/saurabh/Z_Development/Projects/architect-tracker-v2/architect-tracker/backend/node_modules/express/lib/router/index.js:328:13)
    at /home/saurabh/Z_Development/Projects/architect-tracker-v2/architect-tracker/backend/node_modules/express/lib/router/index.js:286:9
    at Function.process_params (/home/saurabh/Z_Development/Projects/architect-tracker-v2/architect-tracker/backend/node_modules/express/lib/router/index.js:346:12)
    at next (/home/saurabh/Z_Development/Projects/architect-tracker-v2/architect-tracker/backend/node_modules/express/lib/router/index.js:280:10)
    at cors (/home/saurabh/Z_Development/Projects/architect-tracker-v2/architect-tracker/backend/node_modules/cors/lib/index.js:188:7)
PayloadTooLargeError: request entity too large
    at readStream (/home/saurabh/Z_Development/Projects/architect-tracker-v2/architect-tracker/backend/node_modules/raw-body/index.js:163:17)
    at getRawBody (/home/saurabh/Z_Development/Projects/architect-tracker-v2/architect-tracker/backend/node_modules/raw-body/index.js:116:12)
    at read (/home/saurabh/Z_Development/Projects/architect-tracker-v2/architect-tracker/backend/node_modules/body-parser/lib/read.js:79:3)
    at jsonParser (/home/saurabh/Z_Development/Projects/architect-tracker-v2/architect-tracker/backend/node_modules/body-parser/lib/types/json.js:138:5)
    at Layer.handle [as handle_request] (/home/saurabh/Z_Development/Projects/architect-tracker-v2/architect-tracker/backend/node_modules/express/lib/router/layer.js:95:5)
    at trim_prefix (/home/saurabh/Z_Development/Projects/architect-tracker-v2/architect-tracker/backend/node_modules/express/lib/router/index.js:328:13)
    at /home/saurabh/Z_Development/Projects/architect-tracker-v2/architect-tracker/backend/node_modules/express/lib/router/index.js:286:9
    at Function.process_params (/home/saurabh/Z_Development/Projects/architect-tracker-v2/architect-tracker/backend/node_modules/express/lib/router/index.js:346:12)
    at next (/home/saurabh/Z_Development/Projects/architect-tracker-v2/architect-tracker/backend/node_modules/express/lib/router/index.js:280:10)
    at cors (/home/saurabh/Z_Development/Projects/architect-tracker-v2/architect-tracker/backend/node_modules/cors/lib/index.js:188:7)
PayloadTooLargeError: request entity too large
    at readStream (/home/saurabh/Z_Development/Projects/architect-tracker-v2/architect-tracker/backend/node_modules/raw-body/index.js:163:17)
    at getRawBody (/home/saurabh/Z_Development/Projects/architect-tracker-v2/architect-tracker/backend/node_modules/raw-body/index.js:116:12)
    at read (/home/saurabh/Z_Development/Projects/architect-tracker-v2/architect-tracker/backend/node_modules/body-parser/lib/read.js:79:3)
    at jsonParser (/home/saurabh/Z_Development/Projects/architect-tracker-v2/architect-tracker/backend/node_modules/body-parser/lib/types/json.js:138:5)
    at Layer.handle [as handle_request] (/home/saurabh/Z_Development/Projects/architect-tracker-v2/architect-tracker/backend/node_modules/express/lib/router/layer.js:95:5)
    at trim_prefix (/home/saurabh/Z_Development/Projects/architect-tracker-v2/architect-tracker/backend/node_modules/express/lib/router/index.js:328:13)
    at /home/saurabh/Z_Development/Projects/architect-tracker-v2/architect-tracker/backend/node_modules/express/lib/router/index.js:286:9
    at Function.process_params (/home/saurabh/Z_Development/Projects/architect-tracker-v2/architect-tracker/backend/node_modules/express/lib/router/index.js:346:12)
    at next (/home/saurabh/Z_Development/Projects/architect-tracker-v2/architect-tracker/backend/node_modules/express/lib/router/index.js:280:10)
    at cors (/home/saurabh/Z_Development/Projects/architect-tracker-v2/architect-tracker/backend/node_modules/cors/lib/index.js:188:7)
PayloadTooLargeError: request entity too large
    at readStream (/home/saurabh/Z_Development/Projects/architect-tracker-v2/architect-tracker/backend/node_modules/raw-body/index.js:163:17)
    at getRawBody (/home/saurabh/Z_Development/Projects/architect-tracker-v2/architect-tracker/backend/node_modules/raw-body/index.js:116:12)
    at read (/home/saurabh/Z_Development/Projects/architect-tracker-v2/architect-tracker/backend/node_modules/body-parser/lib/read.js:79:3)
    at jsonParser (/home/saurabh/Z_Development/Projects/architect-tracker-v2/architect-tracker/backend/node_modules/body-parser/lib/types/json.js:138:5)
    at Layer.handle [as handle_request] (/home/saurabh/Z_Development/Projects/architect-tracker-v2/architect-tracker/backend/node_modules/express/lib/router/layer.js:95:5)
    at trim_prefix (/home/saurabh/Z_Development/Projects/architect-tracker-v2/architect-tracker/backend/node_modules/express/lib/router/index.js:328:13)
    at /home/saurabh/Z_Development/Projects/architect-tracker-v2/architect-tracker/backend/node_modules/express/lib/router/index.js:286:9
    at Function.process_params (/home/saurabh/Z_Development/Projects/architect-tracker-v2/architect-tracker/backend/node_modules/express/lib/router/index.js:346:12)
    at next (/home/saurabh/Z_Development/Projects/architect-tracker-v2/architect-tracker/backend/node_modules/express/lib/router/index.js:280:10)
    at cors (/home/saurabh/Z_Development/Projects/architect-tracker-v2/architect-tracker/backend/node_modules/cors/lib/index.js:188:7)
PayloadTooLargeError: request entity too large
    at readStream (/home/saurabh/Z_Development/Projects/architect-tracker-v2/architect-tracker/backend/node_modules/raw-body/index.js:163:17)
    at getRawBody (/home/saurabh/Z_Development/Projects/architect-tracker-v2/architect-tracker/backend/node_modules/raw-body/index.js:116:12)
    at read (/home/saurabh/Z_Development/Projects/architect-tracker-v2/architect-tracker/backend/node_modules/body-parser/lib/read.js:79:3)
    at jsonParser (/home/saurabh/Z_Development/Projects/architect-tracker-v2/architect-tracker/backend/node_modules/body-parser/lib/types/json.js:138:5)
    at Layer.handle [as handle_request] (/home/saurabh/Z_Development/Projects/architect-tracker-v2/architect-tracker/backend/node_modules/express/lib/router/layer.js:95:5)
    at trim_prefix (/home/saurabh/Z_Development/Projects/architect-tracker-v2/architect-tracker/backend/node_modules/express/lib/router/index.js:328:13)
    at /home/saurabh/Z_Development/Projects/architect-tracker-v2/architect-tracker/backend/node_modules/express/lib/router/index.js:286:9
    at Function.process_params (/home/saurabh/Z_Development/Projects/architect-tracker-v2/architect-tracker/backend/node_modules/express/lib/router/index.js:346:12)
    at next (/home/saurabh/Z_Development/Projects/architect-tracker-v2/architect-tracker/backend/node_modules/express/lib/router/index.js:280:10)
    at cors (/home/saurabh/Z_Development/Projects/architect-tracker-v2/architect-tracker/backend/node_modules/cors/lib/index.js:188:7)
PayloadTooLargeError: request entity too large
    at readStream (/home/saurabh/Z_Development/Projects/architect-tracker-v2/architect-tracker/backend/node_modules/raw-body/index.js:163:17)
    at getRawBody (/home/saurabh/Z_Development/Projects/architect-tracker-v2/architect-tracker/backend/node_modules/raw-body/index.js:116:12)
    at read (/home/saurabh/Z_Development/Projects/architect-tracker-v2/architect-tracker/backend/node_modules/body-parser/lib/read.js:79:3)
    at jsonParser (/home/saurabh/Z_Development/Projects/architect-tracker-v2/architect-tracker/backend/node_modules/body-parser/lib/types/json.js:138:5)
    at Layer.handle [as handle_request] (/home/saurabh/Z_Development/Projects/architect-tracker-v2/architect-tracker/backend/node_modules/express/lib/router/layer.js:95:5)
    at trim_prefix (/home/saurabh/Z_Development/Projects/architect-tracker-v2/architect-tracker/backend/node_modules/express/lib/router/index.js:328:13)
    at /home/saurabh/Z_Development/Projects/architect-tracker-v2/architect-tracker/backend/node_modules/express/lib/router/index.js:286:9
    at Function.process_params (/home/saurabh/Z_Development/Projects/architect-tracker-v2/architect-tracker/backend/node_modules/express/lib/router/index.js:346:12)
    at next (/home/saurabh/Z_Development/Projects/architect-tracker-v2/architect-tracker/backend/node_modules/express/lib/router/index.js:280:10)
    at cors (/home/saurabh/Z_Development/Projects/architect-tracker-v2/architect-tracker/backend/node_modules/cors/lib/index.js:188:7)
PayloadTooLargeError: request entity too large
    at readStream (/home/saurabh/Z_Development/Projects/architect-tracker-v2/architect-tracker/backend/node_modules/raw-body/index.js:163:17)
    at getRawBody (/home/saurabh/Z_Development/Projects/architect-tracker-v2/architect-tracker/backend/node_modules/raw-body/index.js:116:12)
    at read (/home/saurabh/Z_Development/Projects/architect-tracker-v2/architect-tracker/backend/node_modules/body-parser/lib/read.js:79:3)
    at jsonParser (/home/saurabh/Z_Development/Projects/architect-tracker-v2/architect-tracker/backend/node_modules/body-parser/lib/types/json.js:138:5)
    at Layer.handle [as handle_request] (/home/saurabh/Z_Development/Projects/architect-tracker-v2/architect-tracker/backend/node_modules/express/lib/router/layer.js:95:5)
    at trim_prefix (/home/saurabh/Z_Development/Projects/architect-tracker-v2/architect-tracker/backend/node_modules/express/lib/router/index.js:328:13)
    at /home/saurabh/Z_Development/Projects/architect-tracker-v2/architect-tracker/backend/node_modules/express/lib/router/index.js:286:9
    at Function.process_params (/home/saurabh/Z_Development/Projects/architect-tracker-v2/architect-tracker/backend/node_modules/express/lib/router/index.js:346:12)
    at next (/home/saurabh/Z_Development/Projects/architect-tracker-v2/architect-tracker/backend/node_modules/express/lib/router/index.js:280:10)
    at cors (/home/saurabh/Z_Development/Projects/architect-tracker-v2/architect-tracker/backend/node_modules/cors/lib/index.js:188:7)
PayloadTooLargeError: request entity too large
    at readStream (/home/saurabh/Z_Development/Projects/architect-tracker-v2/architect-tracker/backend/node_modules/raw-body/index.js:163:17)
    at getRawBody (/home/saurabh/Z_Development/Projects/architect-tracker-v2/architect-tracker/backend/node_modules/raw-body/index.js:116:12)
    at read (/home/saurabh/Z_Development/Projects/architect-tracker-v2/architect-tracker/backend/node_modules/body-parser/lib/read.js:79:3)
    at jsonParser (/home/saurabh/Z_Development/Projects/architect-tracker-v2/architect-tracker/backend/node_modules/body-parser/lib/types/json.js:138:5)
    at Layer.handle [as handle_request] (/home/saurabh/Z_Development/Projects/architect-tracker-v2/architect-tracker/backend/node_modules/express/lib/router/layer.js:95:5)
    at trim_prefix (/home/saurabh/Z_Development/Projects/architect-tracker-v2/architect-tracker/backend/node_modules/express/lib/router/index.js:328:13)
    at /home/saurabh/Z_Development/Projects/architect-tracker-v2/architect-tracker/backend/node_modules/express/lib/router/index.js:286:9
    at Function.process_params (/home/saurabh/Z_Development/Projects/architect-tracker-v2/architect-tracker/backend/node_modules/express/lib/router/index.js:346:12)
    at next (/home/saurabh/Z_Development/Projects/architect-tracker-v2/architect-tracker/backend/node_modules/express/lib/router/index.js:280:10)
    at cors (/home/saurabh/Z_Development/Projects/architect-tracker-v2/architect-tracker/backend/node_modules/cors/lib/index.js:188:7)
PayloadTooLargeError: request entity too large
    at readStream (/home/saurabh/Z_Development/Projects/architect-tracker-v2/architect-tracker/backend/node_modules/raw-body/index.js:163:17)
    at getRawBody (/home/saurabh/Z_Development/Projects/architect-tracker-v2/architect-tracker/backend/node_modules/raw-body/index.js:116:12)
    at read (/home/saurabh/Z_Development/Projects/architect-tracker-v2/architect-tracker/backend/node_modules/body-parser/lib/read.js:79:3)
    at jsonParser (/home/saurabh/Z_Development/Projects/architect-tracker-v2/architect-tracker/backend/node_modules/body-parser/lib/types/json.js:138:5)
    at Layer.handle [as handle_request] (/home/saurabh/Z_Development/Projects/architect-tracker-v2/architect-tracker/backend/node_modules/express/lib/router/layer.js:95:5)
    at trim_prefix (/home/saurabh/Z_Development/Projects/architect-tracker-v2/architect-tracker/backend/node_modules/express/lib/router/index.js:328:13)
    at /home/saurabh/Z_Development/Projects/architect-tracker-v2/architect-tracker/backend/node_modules/express/lib/router/index.js:286:9
    at Function.process_params (/home/saurabh/Z_Development/Projects/architect-tracker-v2/architect-tracker/backend/node_modules/express/lib/router/index.js:346:12)
    at next (/home/saurabh/Z_Development/Projects/architect-tracker-v2/architect-tracker/backend/node_modules/express/lib/router/index.js:280:10)
    at cors (/home/saurabh/Z_Development/Projects/architect-tracker-v2/architect-tracker/backend/node_modules/cors/lib/index.js:188:7)
PayloadTooLargeError: request entity too large
    at readStream (/home/saurabh/Z_Development/Projects/architect-tracker-v2/architect-tracker/backend/node_modules/raw-body/index.js:163:17)
    at getRawBody (/home/saurabh/Z_Development/Projects/architect-tracker-v2/architect-tracker/backend/node_modules/raw-body/index.js:116:12)
    at read (/home/saurabh/Z_Development/Projects/architect-tracker-v2/architect-tracker/backend/node_modules/body-parser/lib/read.js:79:3)
    at jsonParser (/home/saurabh/Z_Development/Projects/architect-tracker-v2/architect-tracker/backend/node_modules/body-parser/lib/types/json.js:138:5)
    at Layer.handle [as handle_request] (/home/saurabh/Z_Development/Projects/architect-tracker-v2/architect-tracker/backend/node_modules/express/lib/router/layer.js:95:5)
    at trim_prefix (/home/saurabh/Z_Development/Projects/architect-tracker-v2/architect-tracker/backend/node_modules/express/lib/router/index.js:328:13)
    at /home/saurabh/Z_Development/Projects/architect-tracker-v2/architect-tracker/backend/node_modules/express/lib/router/index.js:286:9
    at Function.process_params (/home/saurabh/Z_Development/Projects/architect-tracker-v2/architect-tracker/backend/node_modules/express/lib/router/index.js:346:12)
    at next (/home/saurabh/Z_Development/Projects/architect-tracker-v2/architect-tracker/backend/node_modules/express/lib/router/index.js:280:10)
    at cors (/home/saurabh/Z_Development/Projects/architect-tracker-v2/architect-tracker/backend/node_modules/cors/lib/index.js:188:7)
PayloadTooLargeError: request entity too large
    at readStream (/home/saurabh/Z_Development/Projects/architect-tracker-v2/architect-tracker/backend/node_modules/raw-body/index.js:163:17)
    at getRawBody (/home/saurabh/Z_Development/Projects/architect-tracker-v2/architect-tracker/backend/node_modules/raw-body/index.js:116:12)
    at read (/home/saurabh/Z_Development/Projects/architect-tracker-v2/architect-tracker/backend/node_modules/body-parser/lib/read.js:79:3)
    at jsonParser (/home/saurabh/Z_Development/Projects/architect-tracker-v2/architect-tracker/backend/node_modules/body-parser/lib/types/json.js:138:5)
    at Layer.handle [as handle_request] (/home/saurabh/Z_Development/Projects/architect-tracker-v2/architect-tracker/backend/node_modules/express/lib/router/layer.js:95:5)
    at trim_prefix (/home/saurabh/Z_Development/Projects/architect-tracker-v2/architect-tracker/backend/node_modules/express/lib/router/index.js:328:13)
    at /home/saurabh/Z_Development/Projects/architect-tracker-v2/architect-tracker/backend/node_modules/express/lib/router/index.js:286:9
    at Function.process_params (/home/saurabh/Z_Development/Projects/architect-tracker-v2/architect-tracker/backend/node_modules/express/lib/router/index.js:346:12)
    at next (/home/saurabh/Z_Development/Projects/architect-tracker-v2/architect-tracker/backend/node_modules/express/lib/router/index.js:280:10)
    at cors (/home/saurabh/Z_Development/Projects/architect-tracker-v2/architect-tracker/backend/node_modules/cors/lib/index.js:188:7)
PayloadTooLargeError: request entity too large
    at readStream (/home/saurabh/Z_Development/Projects/architect-tracker-v2/architect-tracker/backend/node_modules/raw-body/index.js:163:17)
    at getRawBody (/home/saurabh/Z_Development/Projects/architect-tracker-v2/architect-tracker/backend/node_modules/raw-body/index.js:116:12)
    at read (/home/saurabh/Z_Development/Projects/architect-tracker-v2/architect-tracker/backend/node_modules/body-parser/lib/read.js:79:3)
    at jsonParser (/home/saurabh/Z_Development/Projects/architect-tracker-v2/architect-tracker/backend/node_modules/body-parser/lib/types/json.js:138:5)
    at Layer.handle [as handle_request] (/home/saurabh/Z_Development/Projects/architect-tracker-v2/architect-tracker/backend/node_modules/express/lib/router/layer.js:95:5)
    at trim_prefix (/home/saurabh/Z_Development/Projects/architect-tracker-v2/architect-tracker/backend/node_modules/express/lib/router/index.js:328:13)
    at /home/saurabh/Z_Development/Projects/architect-tracker-v2/architect-tracker/backend/node_modules/express/lib/router/index.js:286:9
    at Function.process_params (/home/saurabh/Z_Development/Projects/architect-tracker-v2/architect-tracker/backend/node_modules/express/lib/router/index.js:346:12)
    at next (/home/saurabh/Z_Development/Projects/architect-tracker-v2/architect-tracker/backend/node_modules/express/lib/router/index.js:280:10)
    at cors (/home/saurabh/Z_Development/Projects/architect-tracker-v2/architect-tracker/backend/node_modules/cors/lib/index.js:188:7)
PayloadTooLargeError: request entity too large
    at readStream (/home/saurabh/Z_Development/Projects/architect-tracker-v2/architect-tracker/backend/node_modules/raw-body/index.js:163:17)
    at getRawBody (/home/saurabh/Z_Development/Projects/architect-tracker-v2/architect-tracker/backend/node_modules/raw-body/index.js:116:12)
    at read (/home/saurabh/Z_Development/Projects/architect-tracker-v2/architect-tracker/backend/node_modules/body-parser/lib/read.js:79:3)
    at jsonParser (/home/saurabh/Z_Development/Projects/architect-tracker-v2/architect-tracker/backend/node_modules/body-parser/lib/types/json.js:138:5)
    at Layer.handle [as handle_request] (/home/saurabh/Z_Development/Projects/architect-tracker-v2/architect-tracker/backend/node_modules/express/lib/router/layer.js:95:5)
    at trim_prefix (/home/saurabh/Z_Development/Projects/architect-tracker-v2/architect-tracker/backend/node_modules/express/lib/router/index.js:328:13)
    at /home/saurabh/Z_Development/Projects/architect-tracker-v2/architect-tracker/backend/node_modules/express/lib/router/index.js:286:9
    at Function.process_params (/home/saurabh/Z_Development/Projects/architect-tracker-v2/architect-tracker/backend/node_modules/express/lib/router/index.js:346:12)
    at next (/home/saurabh/Z_Development/Projects/architect-tracker-v2/architect-tracker/backend/node_modules/express/lib/router/index.js:280:10)
    at cors (/home/saurabh/Z_Development/Projects/architect-tracker-v2/architect-tracker/backend/node_modules/cors/lib/index.js:188:7)
PayloadTooLargeError: request entity too large
    at readStream (/home/saurabh/Z_Development/Projects/architect-tracker-v2/architect-tracker/backend/node_modules/raw-body/index.js:163:17)
    at getRawBody (/home/saurabh/Z_Development/Projects/architect-tracker-v2/architect-tracker/backend/node_modules/raw-body/index.js:116:12)
    at read (/home/saurabh/Z_Development/Projects/architect-tracker-v2/architect-tracker/backend/node_modules/body-parser/lib/read.js:79:3)
    at jsonParser (/home/saurabh/Z_Development/Projects/architect-tracker-v2/architect-tracker/backend/node_modules/body-parser/lib/types/json.js:138:5)
    at Layer.handle [as handle_request] (/home/saurabh/Z_Development/Projects/architect-tracker-v2/architect-tracker/backend/node_modules/express/lib/router/layer.js:95:5)
    at trim_prefix (/home/saurabh/Z_Development/Projects/architect-tracker-v2/architect-tracker/backend/node_modules/express/lib/router/index.js:328:13)
    at /home/saurabh/Z_Development/Projects/architect-tracker-v2/architect-tracker/backend/node_modules/express/lib/router/index.js:286:9
    at Function.process_params (/home/saurabh/Z_Development/Projects/architect-tracker-v2/architect-tracker/backend/node_modules/express/lib/router/index.js:346:12)
    at next (/home/saurabh/Z_Development/Projects/architect-tracker-v2/architect-tracker/backend/node_modules/express/lib/router/index.js:280:10)
    at cors (/home/saurabh/Z_Development/Projects/architect-tracker-v2/architect-tracker/backend/node_modules/cors/lib/index.js:188:7)

✅ Architect Tracker running at http://localhost:3001


✅ Architect Tracker running at http://localhost:3001

PayloadTooLargeError: request entity too large
    at readStream (/home/saurabh/Z_Development/Projects/architect-tracker-v2/architect-tracker/backend/node_modules/raw-body/index.js:163:17)
    at getRawBody (/home/saurabh/Z_Development/Projects/architect-tracker-v2/architect-tracker/backend/node_modules/raw-body/index.js:116:12)
    at read (/home/saurabh/Z_Development/Projects/architect-tracker-v2/architect-tracker/backend/node_modules/body-parser/lib/read.js:79:3)
    at jsonParser (/home/saurabh/Z_Development/Projects/architect-tracker-v2/architect-tracker/backend/node_modules/body-parser/lib/types/json.js:138:5)
    at Layer.handle [as handle_request] (/home/saurabh/Z_Development/Projects/architect-tracker-v2/architect-tracker/backend/node_modules/express/lib/router/layer.js:95:5)
    at trim_prefix (/home/saurabh/Z_Development/Projects/architect-tracker-v2/architect-tracker/backend/node_modules/express/lib/router/index.js:328:13)
    at /home/saurabh/Z_Development/Projects/architect-tracker-v2/architect-tracker/backend/node_modules/express/lib/router/index.js:286:9
    at Function.process_params (/home/saurabh/Z_Development/Projects/architect-tracker-v2/architect-tracker/backend/node_modules/express/lib/router/index.js:346:12)
    at next (/home/saurabh/Z_Development/Projects/architect-tracker-v2/architect-tracker/backend/node_modules/express/lib/router/index.js:280:10)
    at cors (/home/saurabh/Z_Development/Projects/architect-tracker-v2/architect-tracker/backend/node_modules/cors/lib/index.js:188:7)

✅ Architect Tracker running at http://localhost:3001

PayloadTooLargeError: request entity too large
    at readStream (/home/saurabh/Z_Development/Projects/architect-tracker-v2/architect-tracker/backend/node_modules/raw-body/index.js:163:17)
    at getRawBody (/home/saurabh/Z_Development/Projects/architect-tracker-v2/architect-tracker/backend/node_modules/raw-body/index.js:116:12)
    at read (/home/saurabh/Z_Development/Projects/architect-tracker-v2/architect-tracker/backend/node_modules/body-parser/lib/read.js:79:3)
    at jsonParser (/home/saurabh/Z_Development/Projects/architect-tracker-v2/architect-tracker/backend/node_modules/body-parser/lib/types/json.js:138:5)
    at Layer.handle [as handle_request] (/home/saurabh/Z_Development/Projects/architect-tracker-v2/architect-tracker/backend/node_modules/express/lib/router/layer.js:95:5)
    at trim_prefix (/home/saurabh/Z_Development/Projects/architect-tracker-v2/architect-tracker/backend/node_modules/express/lib/router/index.js:328:13)
    at /home/saurabh/Z_Development/Projects/architect-tracker-v2/architect-tracker/backend/node_modules/express/lib/router/index.js:286:9
    at Function.process_params (/home/saurabh/Z_Development/Projects/architect-tracker-v2/architect-tracker/backend/node_modules/express/lib/router/index.js:346:12)
    at next (/home/saurabh/Z_Development/Projects/architect-tracker-v2/architect-tracker/backend/node_modules/express/lib/router/index.js:280:10)
    at cors (/home/saurabh/Z_Development/Projects/architect-tracker-v2/architect-tracker/backend/node_modules/cors/lib/index.js:188:7)
PayloadTooLargeError: request entity too large
    at readStream (/home/saurabh/Z_Development/Projects/architect-tracker-v2/architect-tracker/backend/node_modules/raw-body/index.js:163:17)
    at getRawBody (/home/saurabh/Z_Development/Projects/architect-tracker-v2/architect-tracker/backend/node_modules/raw-body/index.js:116:12)
    at read (/home/saurabh/Z_Development/Projects/architect-tracker-v2/architect-tracker/backend/node_modules/body-parser/lib/read.js:79:3)
    at jsonParser (/home/saurabh/Z_Development/Projects/architect-tracker-v2/architect-tracker/backend/node_modules/body-parser/lib/types/json.js:138:5)
    at Layer.handle [as handle_request] (/home/saurabh/Z_Development/Projects/architect-tracker-v2/architect-tracker/backend/node_modules/express/lib/router/layer.js:95:5)
    at trim_prefix (/home/saurabh/Z_Development/Projects/architect-tracker-v2/architect-tracker/backend/node_modules/express/lib/router/index.js:328:13)
    at /home/saurabh/Z_Development/Projects/architect-tracker-v2/architect-tracker/backend/node_modules/express/lib/router/index.js:286:9
    at Function.process_params (/home/saurabh/Z_Development/Projects/architect-tracker-v2/architect-tracker/backend/node_modules/express/lib/router/index.js:346:12)
    at next (/home/saurabh/Z_Development/Projects/architect-tracker-v2/architect-tracker/backend/node_modules/express/lib/router/index.js:280:10)
    at cors (/home/saurabh/Z_Development/Projects/architect-tracker-v2/architect-tracker/backend/node_modules/cors/lib/index.js:188:7)

✅ Architect Tracker running at http://localhost:3001

